15:37:20 INFO  : Logs will be stored at '/thayerfs/home/f003j8y/ENGS62/Module3/workspace/IDE.log'.
15:37:26 INFO  : Launching XSCT server: xsct -n  -interactive /thayerfs/home/f003j8y/ENGS62/Module3/workspace/temp_xsdb_launch_script.tcl
15:37:26 INFO  : Platform repository initialization has completed.
15:37:27 INFO  : Registering command handlers for Vitis TCF services
15:37:31 INFO  : XSCT server has started successfully.
15:37:31 INFO  : plnx-install-location is set to ''
15:37:37 INFO  : Successfully done setting XSCT server connection channel  
15:37:37 INFO  : Successfully done query RDI_DATADIR 
15:37:37 INFO  : Successfully done setting workspace for the tool. 
15:39:43 INFO  : Logs will be stored at '/thayerfs/home/f003j8y/ENGS62/Module3/workspace/IDE.log'.
15:39:44 INFO  : Launching XSCT server: xsct -n  -interactive /thayerfs/home/f003j8y/ENGS62/Module3/workspace/temp_xsdb_launch_script.tcl
15:39:44 INFO  : Platform repository initialization has completed.
15:39:45 INFO  : Registering command handlers for Vitis TCF services
15:39:49 INFO  : XSCT server has started successfully.
15:39:53 INFO  : plnx-install-location is set to ''
15:39:53 INFO  : Successfully done setting XSCT server connection channel  
15:39:53 INFO  : Successfully done query RDI_DATADIR 
15:39:53 INFO  : Successfully done setting workspace for the tool. 
15:41:10 INFO  : Result from executing command 'getProjects': module3_hw_wrapper
15:41:10 INFO  : Result from executing command 'getPlatforms': 
15:41:11 WARN  : An unexpected exception occurred in the module 'platform project logging'
15:41:14 INFO  : Platform 'module3_hw_wrapper' is added to custom repositories.
15:41:28 INFO  : Platform 'module3_hw_wrapper' is added to custom repositories.
15:43:15 INFO  : Connected to target on host '127.0.0.1' and port '3121'.
15:43:16 INFO  : 'targets -set -filter {jtag_cable_name =~ "Digilent Zybo Z7 210351A6C81DA" && level==0 && jtag_device_ctx=="jsn-Zybo Z7-210351A6C81DA-13722093-0"}' command is executed.
15:43:17 INFO  : Device configured successfully with "/thayerfs/home/f003j8y/ENGS62/Module3/workspace/module3_sw/_ide/bitstream/module3_hw_wrapper.bit"
15:44:42 INFO  : Result from executing command 'getProjects': module3_hw_wrapper
15:44:42 INFO  : Result from executing command 'getPlatforms': module3_hw_wrapper|/thayerfs/home/f003j8y/ENGS62/Module3/workspace/module3_hw_wrapper/export/module3_hw_wrapper/module3_hw_wrapper.xpfm
15:44:47 INFO  : Checking for BSP changes to sync application flags for project 'module3_sw'...
15:45:03 INFO  : Connected to target on host '127.0.0.1' and port '3121'.
15:45:03 INFO  : 'targets -set -filter {jtag_cable_name =~ "Digilent Zybo Z7 210351A6C81DA" && level==0 && jtag_device_ctx=="jsn-Zybo Z7-210351A6C81DA-13722093-0"}' command is executed.
15:45:04 INFO  : Device configured successfully with "/thayerfs/home/f003j8y/ENGS62/Module3/workspace/module3_sw/_ide/bitstream/module3_hw_wrapper.bit"
15:45:18 INFO  : Connected to target on host '127.0.0.1' and port '3121'.
15:45:18 INFO  : Jtag cable 'Digilent Zybo Z7 210351A6C81DA' is selected.
15:45:18 INFO  : 'jtag frequency' command is executed.
15:45:18 INFO  : Context for 'APU' is selected.
15:45:18 INFO  : System reset is completed.
15:45:21 INFO  : 'after 3000' command is executed.
15:45:21 INFO  : 'targets -set -filter {jtag_cable_name =~ "Digilent Zybo Z7 210351A6C81DA" && level==0 && jtag_device_ctx=="jsn-Zybo Z7-210351A6C81DA-13722093-0"}' command is executed.
15:45:23 INFO  : Device configured successfully with "/thayerfs/home/f003j8y/ENGS62/Module3/workspace/module3_sw/_ide/bitstream/module3_hw_wrapper.bit"
15:45:23 INFO  : Context for 'APU' is selected.
15:45:23 INFO  : Hardware design and registers information is loaded from '/thayerfs/home/f003j8y/ENGS62/Module3/workspace/module3_hw_wrapper/export/module3_hw_wrapper/hw/module3_hw_wrapper.xsa'.
15:45:23 INFO  : 'configparams force-mem-access 1' command is executed.
15:45:23 INFO  : Context for 'APU' is selected.
15:45:23 INFO  : Sourcing of '/thayerfs/home/f003j8y/ENGS62/Module3/workspace/module3_sw/_ide/psinit/ps7_init.tcl' is done.
15:45:23 INFO  : 'ps7_init' command is executed.
15:45:23 INFO  : 'ps7_post_config' command is executed.
15:45:23 INFO  : Context for processor 'ps7_cortexa9_0' is selected.
15:45:23 INFO  : The application '/thayerfs/home/f003j8y/ENGS62/Module3/workspace/module3_sw/Debug/module3_sw.elf' is downloaded to processor 'ps7_cortexa9_0'.
15:45:23 INFO  : 'configparams force-mem-access 0' command is executed.
15:45:23 INFO  : ----------------XSDB Script----------------
connect -url tcp:127.0.0.1:3121
targets -set -nocase -filter {name =~"APU*"}
rst -system
after 3000
targets -set -filter {jtag_cable_name =~ "Digilent Zybo Z7 210351A6C81DA" && level==0 && jtag_device_ctx=="jsn-Zybo Z7-210351A6C81DA-13722093-0"}
fpga -file /thayerfs/home/f003j8y/ENGS62/Module3/workspace/module3_sw/_ide/bitstream/module3_hw_wrapper.bit
targets -set -nocase -filter {name =~"APU*"}
loadhw -hw /thayerfs/home/f003j8y/ENGS62/Module3/workspace/module3_hw_wrapper/export/module3_hw_wrapper/hw/module3_hw_wrapper.xsa -mem-ranges [list {0x40000000 0xbfffffff}] -regs
configparams force-mem-access 1
targets -set -nocase -filter {name =~"APU*"}
source /thayerfs/home/f003j8y/ENGS62/Module3/workspace/module3_sw/_ide/psinit/ps7_init.tcl
ps7_init
ps7_post_config
targets -set -nocase -filter {name =~ "*A9*#0"}
dow /thayerfs/home/f003j8y/ENGS62/Module3/workspace/module3_sw/Debug/module3_sw.elf
configparams force-mem-access 0
----------------End of Script----------------

15:45:23 INFO  : Context for processor 'ps7_cortexa9_0' is selected.
15:45:23 INFO  : 'con' command is executed.
15:45:23 INFO  : ----------------XSDB Script (After Launch)----------------
targets -set -nocase -filter {name =~ "*A9*#0"}
con
----------------End of Script----------------

15:45:23 INFO  : Launch script is exported to file '/thayerfs/home/f003j8y/ENGS62/Module3/workspace/module3_sw_system/_ide/scripts/debugger_module3_sw-default.tcl'
15:45:53 INFO  : Checking for BSP changes to sync application flags for project 'module3_sw'...
15:46:04 INFO  : Connected to target on host '127.0.0.1' and port '3121'.
15:46:04 INFO  : 'targets -set -filter {jtag_cable_name =~ "Digilent Zybo Z7 210351A6C81DA" && level==0 && jtag_device_ctx=="jsn-Zybo Z7-210351A6C81DA-13722093-0"}' command is executed.
15:46:05 INFO  : Device configured successfully with "/thayerfs/home/f003j8y/ENGS62/Module3/workspace/module3_sw/_ide/bitstream/module3_hw_wrapper.bit"
15:46:11 INFO  : Disconnected from the channel tcfchan#1.
15:46:18 INFO  : Connected to target on host '127.0.0.1' and port '3121'.
15:46:18 INFO  : Jtag cable 'Digilent Zybo Z7 210351A6C81DA' is selected.
15:46:18 INFO  : 'jtag frequency' command is executed.
15:46:18 INFO  : Context for 'APU' is selected.
15:46:18 INFO  : System reset is completed.
15:46:21 INFO  : 'after 3000' command is executed.
15:46:21 INFO  : 'targets -set -filter {jtag_cable_name =~ "Digilent Zybo Z7 210351A6C81DA" && level==0 && jtag_device_ctx=="jsn-Zybo Z7-210351A6C81DA-13722093-0"}' command is executed.
15:46:23 INFO  : Device configured successfully with "/thayerfs/home/f003j8y/ENGS62/Module3/workspace/module3_sw/_ide/bitstream/module3_hw_wrapper.bit"
15:46:23 INFO  : Context for 'APU' is selected.
15:46:23 INFO  : Hardware design and registers information is loaded from '/thayerfs/home/f003j8y/ENGS62/Module3/workspace/module3_hw_wrapper/export/module3_hw_wrapper/hw/module3_hw_wrapper.xsa'.
15:46:23 INFO  : 'configparams force-mem-access 1' command is executed.
15:46:23 INFO  : Context for 'APU' is selected.
15:46:23 INFO  : Sourcing of '/thayerfs/home/f003j8y/ENGS62/Module3/workspace/module3_sw/_ide/psinit/ps7_init.tcl' is done.
15:46:23 INFO  : 'ps7_init' command is executed.
15:46:23 INFO  : 'ps7_post_config' command is executed.
15:46:23 INFO  : Context for processor 'ps7_cortexa9_0' is selected.
15:46:23 INFO  : The application '/thayerfs/home/f003j8y/ENGS62/Module3/workspace/module3_sw/Debug/module3_sw.elf' is downloaded to processor 'ps7_cortexa9_0'.
15:46:23 INFO  : 'configparams force-mem-access 0' command is executed.
15:46:23 INFO  : ----------------XSDB Script----------------
connect -url tcp:127.0.0.1:3121
targets -set -nocase -filter {name =~"APU*"}
rst -system
after 3000
targets -set -filter {jtag_cable_name =~ "Digilent Zybo Z7 210351A6C81DA" && level==0 && jtag_device_ctx=="jsn-Zybo Z7-210351A6C81DA-13722093-0"}
fpga -file /thayerfs/home/f003j8y/ENGS62/Module3/workspace/module3_sw/_ide/bitstream/module3_hw_wrapper.bit
targets -set -nocase -filter {name =~"APU*"}
loadhw -hw /thayerfs/home/f003j8y/ENGS62/Module3/workspace/module3_hw_wrapper/export/module3_hw_wrapper/hw/module3_hw_wrapper.xsa -mem-ranges [list {0x40000000 0xbfffffff}] -regs
configparams force-mem-access 1
targets -set -nocase -filter {name =~"APU*"}
source /thayerfs/home/f003j8y/ENGS62/Module3/workspace/module3_sw/_ide/psinit/ps7_init.tcl
ps7_init
ps7_post_config
targets -set -nocase -filter {name =~ "*A9*#0"}
dow /thayerfs/home/f003j8y/ENGS62/Module3/workspace/module3_sw/Debug/module3_sw.elf
configparams force-mem-access 0
----------------End of Script----------------

15:46:23 INFO  : Context for processor 'ps7_cortexa9_0' is selected.
15:46:23 INFO  : 'con' command is executed.
15:46:23 INFO  : ----------------XSDB Script (After Launch)----------------
targets -set -nocase -filter {name =~ "*A9*#0"}
con
----------------End of Script----------------

15:46:23 INFO  : Launch script is exported to file '/thayerfs/home/f003j8y/ENGS62/Module3/workspace/module3_sw_system/_ide/scripts/debugger_module3_sw-default.tcl'
16:20:00 INFO  : Result from executing command 'removePlatformRepo': 
16:21:28 INFO  : Result from executing command 'getProjects': module3_hw_wrapper
16:21:28 INFO  : Result from executing command 'getPlatforms': 
16:21:51 INFO  : Checking for BSP changes to sync application flags for project 'module3_sw'...
16:22:16 INFO  : Checking for BSP changes to sync application flags for project 'module3_sw'...
16:23:36 INFO  : Hardware specification for platform project 'module3_hw_wrapper' is updated.
16:24:54 INFO  : Result from executing command 'getProjects': module3_hw_wrapper
16:24:54 INFO  : Result from executing command 'getPlatforms': module3_hw_wrapper|/thayerfs/home/f003j8y/ENGS62/Module3/workspace/module3_hw_wrapper/export/module3_hw_wrapper/module3_hw_wrapper.xpfm
16:28:53 ERROR : XSCT server calls should not be made from TCF thread.
java.lang.RuntimeException: XSCT server calls should not be made from TCF thread.
	at com.xilinx.sdk.xsdb.XSDBCommandManager.issueAndWait(XSDBCommandManager.java:391) [com.xilinx.sdk.xsdb_1.0.0.202110161918.jar:?]
	at com.xilinx.sdk.xsdb.XsdbCommandUtils.executeAndRespond(XsdbCommandUtils.java:325) [com.xilinx.sdk.xsdb_1.0.0.202110161918.jar:?]
	at com.xilinx.sdk.hw.internal.HwPlatform.dispose(HwPlatform.java:1325) [com.xilinx.sdk.hw_1.0.0.202110161918.jar:?]
	at com.xilinx.sdk.hw.internal.HwSpecFactory.removeHwSpec(HwSpecFactory.java:92) [com.xilinx.sdk.hw_1.0.0.202110161918.jar:?]
	at com.xilinx.sdk.hw.internal.HwSpecFactory.validateGetFromCache(HwSpecFactory.java:78) [com.xilinx.sdk.hw_1.0.0.202110161918.jar:?]
	at com.xilinx.sdk.hw.internal.HwSpecFactory.createHwSpec(HwSpecFactory.java:48) [com.xilinx.sdk.hw_1.0.0.202110161918.jar:?]
	at com.xilinx.sdx.sdsoc.debug.ui.SdsLaunchConfigUtil.createHwPlatform(SdsLaunchConfigUtil.java:57) [com.xilinx.sdx.sdsoc.debug.ui_1.0.0.202110161918.jar:?]
	at com.xilinx.sdx.sdsoc.debug.ui.SdsLaunchConfigModel.iniHwPlatform(SdsLaunchConfigModel.java:187) [com.xilinx.sdx.sdsoc.debug.ui_1.0.0.202110161918.jar:?]
	at com.xilinx.sdk.tcf.internal.debug.ui.common.BaseLaunchConfigModel.getHwPlatform(BaseLaunchConfigModel.java:577) [com.xilinx.sdk.tcf.debug_1.0.0.202110161918.jar:?]
	at com.xilinx.sdk.tcf.internal.debug.ui.common.BaseLaunchConfigModel.readCrossTriggerModel(BaseLaunchConfigModel.java:173) [com.xilinx.sdk.tcf.debug_1.0.0.202110161918.jar:?]
	at com.xilinx.sdk.tcf.internal.debug.ui.common.BaseLaunchConfigModel.readAndSetAttributes(BaseLaunchConfigModel.java:156) [com.xilinx.sdk.tcf.debug_1.0.0.202110161918.jar:?]
	at com.xilinx.sdx.sdsoc.debug.ui.SdsLaunchConfigModel.newInstance(SdsLaunchConfigModel.java:109) [com.xilinx.sdx.sdsoc.debug.ui_1.0.0.202110161918.jar:?]
	at com.xilinx.sdx.sdsoc.debug.launch.SdsTcfLaunchDelegate.createConfigModel(SdsTcfLaunchDelegate.java:85) [com.xilinx.sdx.sdsoc.debug_1.0.0.202110161918.jar:?]
	at com.xilinx.sdx.sdsoc.debug.launch.SdsTcfLaunchDelegate.generateReports(SdsTcfLaunchDelegate.java:641) [com.xilinx.sdx.sdsoc.debug_1.0.0.202110161918.jar:?]
	at com.xilinx.sdx.sdsoc.debug.launch.SdsTcfLaunchDelegate.onDisconnected(SdsTcfLaunchDelegate.java:615) [com.xilinx.sdx.sdsoc.debug_1.0.0.202110161918.jar:?]
	at org.eclipse.tcf.internal.debug.ui.model.TCFModelManager$1.onDisconnected(TCFModelManager.java:79) [org.eclipse.tcf.debug.ui_1.7.0.202110161918.jar:?]
	at org.eclipse.tcf.internal.debug.model.TCFLaunch.onDisconnected(TCFLaunch.java:532) [org.eclipse.tcf.debug_1.7.0.202110161918.jar:?]
	at org.eclipse.tcf.internal.debug.model.TCFLaunch$43.onChannelClosed(TCFLaunch.java:1643) [org.eclipse.tcf.debug_1.7.0.202110161918.jar:?]
	at org.eclipse.tcf.core.AbstractChannel$9.run(AbstractChannel.java:858) [org.eclipse.tcf.core_1.7.0.202110161918.jar:?]
	at org.eclipse.tcf.EventQueue.run(EventQueue.java:98) [org.eclipse.tcf_1.7.0.202110161918.jar:?]
	at java.lang.Thread.run(Thread.java:829) [?:?]
16:28:53 INFO  : Disconnected from the channel tcfchan#3.
18:26:36 INFO  : Logs will be stored at '/thayerfs/home/f003j8y/ENGS62/Module3/workspace/IDE.log'.
18:26:40 INFO  : Launching XSCT server: xsct -n  -interactive /thayerfs/home/f003j8y/ENGS62/Module3/workspace/temp_xsdb_launch_script.tcl
18:26:44 INFO  : Registering command handlers for Vitis TCF services
18:26:45 INFO  : Platform repository initialization has completed.
18:26:47 INFO  : XSCT server has started successfully.
18:26:56 INFO  : plnx-install-location is set to ''
18:26:56 INFO  : Successfully done setting XSCT server connection channel  
18:26:56 INFO  : Successfully done query RDI_DATADIR 
18:26:56 INFO  : Successfully done setting workspace for the tool. 
19:01:37 INFO  : Checking for BSP changes to sync application flags for project 'module3_sw'...
19:01:40 INFO  : Updating application flags with new BSP settings...
19:01:41 INFO  : Successfully updated application flags for project module3_sw.
19:02:59 INFO  : Checking for BSP changes to sync application flags for project 'module3_sw'...
19:03:02 INFO  : The hardware specification used by project 'module3_sw' is out of sync with the platform. Resource files extracted from the hardware specification will be updated.
19:03:02 INFO  : The file '/thayerfs/home/f003j8y/ENGS62/Module3/workspace/module3_sw/_ide/bitstream/module3_hw_wrapper.bit' stored in project is removed.
19:03:02 INFO  : The updated bitstream files are copied from platform to folder '/thayerfs/home/f003j8y/ENGS62/Module3/workspace/module3_sw/_ide/bitstream' in project 'module3_sw'.
19:03:02 INFO  : The file '/thayerfs/home/f003j8y/ENGS62/Module3/workspace/module3_sw/_ide/psinit/ps7_init.tcl' stored in project is removed.
19:03:08 INFO  : The updated ps init files are copied from platform to folder '/thayerfs/home/f003j8y/ENGS62/Module3/workspace/module3_sw/_ide/psinit' in project 'module3_sw'.
10:05:34 INFO  : Logs will be stored at '/thayerfs/home/f003j8y/ENGS62/Module3/workspace/IDE.log'.
10:05:40 INFO  : Launching XSCT server: xsct -n  -interactive /thayerfs/home/f003j8y/ENGS62/Module3/workspace/temp_xsdb_launch_script.tcl
10:05:44 INFO  : Registering command handlers for Vitis TCF services
10:05:44 INFO  : Platform repository initialization has completed.
10:05:48 INFO  : XSCT server has started successfully.
10:05:48 INFO  : plnx-install-location is set to ''
10:05:48 INFO  : Successfully done setting XSCT server connection channel  
10:06:03 INFO  : Successfully done setting workspace for the tool. 
10:06:03 INFO  : Successfully done query RDI_DATADIR 
10:06:14 INFO  : Result from executing command 'removePlatformRepo': 
10:09:33 INFO  : Result from executing command 'getProjects': module3_hw_wrapper
10:09:33 INFO  : Result from executing command 'getPlatforms': 
10:09:38 INFO  : Checking for BSP changes to sync application flags for project 'module3_sw'...
10:14:22 INFO  : Checking for BSP changes to sync application flags for project 'module3_sw'...
11:03:36 INFO  : Checking for BSP changes to sync application flags for project 'module3_sw'...
11:03:49 INFO  : Connected to target on host '127.0.0.1' and port '3121'.
11:03:50 INFO  : 'targets -set -filter {jtag_cable_name =~ "Digilent Zybo Z7 210351A6C81DA" && level==0 && jtag_device_ctx=="jsn-Zybo Z7-210351A6C81DA-13722093-0"}' command is executed.
11:03:51 INFO  : Device configured successfully with "/thayerfs/home/f003j8y/ENGS62/Module3/workspace/module3_sw/_ide/bitstream/module3_hw_wrapper.bit"
11:08:43 INFO  : Checking for BSP changes to sync application flags for project 'module3_sw'...
11:08:50 INFO  : Connected to target on host '127.0.0.1' and port '3121'.
11:08:50 INFO  : 'targets -set -filter {jtag_cable_name =~ "Digilent Zybo Z7 210351A6C81DA" && level==0 && jtag_device_ctx=="jsn-Zybo Z7-210351A6C81DA-13722093-0"}' command is executed.
11:08:51 INFO  : Device configured successfully with "/thayerfs/home/f003j8y/ENGS62/Module3/workspace/module3_sw/_ide/bitstream/module3_hw_wrapper.bit"
11:08:56 INFO  : Connected to target on host '127.0.0.1' and port '3121'.
11:08:57 INFO  : Jtag cable 'Digilent Zybo Z7 210351A6C81DA' is selected.
11:08:57 INFO  : 'jtag frequency' command is executed.
11:08:57 INFO  : Context for 'APU' is selected.
11:08:57 INFO  : System reset is completed.
11:09:00 INFO  : 'after 3000' command is executed.
11:09:00 INFO  : 'targets -set -filter {jtag_cable_name =~ "Digilent Zybo Z7 210351A6C81DA" && level==0 && jtag_device_ctx=="jsn-Zybo Z7-210351A6C81DA-13722093-0"}' command is executed.
11:09:01 INFO  : Device configured successfully with "/thayerfs/home/f003j8y/ENGS62/Module3/workspace/module3_sw/_ide/bitstream/module3_hw_wrapper.bit"
11:09:01 INFO  : Context for 'APU' is selected.
11:09:01 INFO  : Hardware design and registers information is loaded from '/thayerfs/home/f003j8y/ENGS62/Module3/workspace/module3_hw_wrapper/export/module3_hw_wrapper/hw/module3_hw_wrapper.xsa'.
11:09:01 INFO  : 'configparams force-mem-access 1' command is executed.
11:09:02 INFO  : Context for 'APU' is selected.
11:09:02 INFO  : Sourcing of '/thayerfs/home/f003j8y/ENGS62/Module3/workspace/module3_sw/_ide/psinit/ps7_init.tcl' is done.
11:09:02 INFO  : 'ps7_init' command is executed.
11:09:02 INFO  : 'ps7_post_config' command is executed.
11:09:02 INFO  : Context for processor 'ps7_cortexa9_0' is selected.
11:09:02 INFO  : The application '/thayerfs/home/f003j8y/ENGS62/Module3/workspace/module3_sw/Debug/module3_sw.elf' is downloaded to processor 'ps7_cortexa9_0'.
11:09:02 INFO  : 'configparams force-mem-access 0' command is executed.
11:09:02 INFO  : ----------------XSDB Script----------------
connect -url tcp:127.0.0.1:3121
targets -set -nocase -filter {name =~"APU*"}
rst -system
after 3000
targets -set -filter {jtag_cable_name =~ "Digilent Zybo Z7 210351A6C81DA" && level==0 && jtag_device_ctx=="jsn-Zybo Z7-210351A6C81DA-13722093-0"}
fpga -file /thayerfs/home/f003j8y/ENGS62/Module3/workspace/module3_sw/_ide/bitstream/module3_hw_wrapper.bit
targets -set -nocase -filter {name =~"APU*"}
loadhw -hw /thayerfs/home/f003j8y/ENGS62/Module3/workspace/module3_hw_wrapper/export/module3_hw_wrapper/hw/module3_hw_wrapper.xsa -mem-ranges [list {0x40000000 0xbfffffff}] -regs
configparams force-mem-access 1
targets -set -nocase -filter {name =~"APU*"}
source /thayerfs/home/f003j8y/ENGS62/Module3/workspace/module3_sw/_ide/psinit/ps7_init.tcl
ps7_init
ps7_post_config
targets -set -nocase -filter {name =~ "*A9*#0"}
dow /thayerfs/home/f003j8y/ENGS62/Module3/workspace/module3_sw/Debug/module3_sw.elf
configparams force-mem-access 0
----------------End of Script----------------

11:09:02 INFO  : Context for processor 'ps7_cortexa9_0' is selected.
11:09:02 INFO  : 'con' command is executed.
11:09:02 INFO  : ----------------XSDB Script (After Launch)----------------
targets -set -nocase -filter {name =~ "*A9*#0"}
con
----------------End of Script----------------

11:09:02 INFO  : Launch script is exported to file '/thayerfs/home/f003j8y/ENGS62/Module3/workspace/module3_sw_system/_ide/scripts/debugger_module3_sw-default.tcl'
11:15:16 INFO  : Checking for BSP changes to sync application flags for project 'module3_sw'...
11:15:22 INFO  : Connected to target on host '127.0.0.1' and port '3121'.
11:15:23 INFO  : 'targets -set -filter {jtag_cable_name =~ "Digilent Zybo Z7 210351A6C81DA" && level==0 && jtag_device_ctx=="jsn-Zybo Z7-210351A6C81DA-13722093-0"}' command is executed.
11:15:24 INFO  : Device configured successfully with "/thayerfs/home/f003j8y/ENGS62/Module3/workspace/module3_sw/_ide/bitstream/module3_hw_wrapper.bit"
11:15:34 INFO  : Disconnected from the channel tcfchan#3.
11:15:35 INFO  : Connected to target on host '127.0.0.1' and port '3121'.
11:15:44 INFO  : ----------------XSDB Script----------------
connect -url tcp:127.0.0.1:3121
----------------End of Script----------------

11:15:44 ERROR : Could not find ARM device on the board for connection 'Local'.
Check if the target is in:
1. Split JTAG - No operations are possible with ARM DAP.
2. Non JTAG bootmode - Bootrom may need time to enable DAP.
Please try again.


Troubleshooting hints:
1. Check whether board is connected to system properly.
2. In case of zynq board, check whether Digilent/Xilinx cable switch settings are correct.
3. If you are using Xilinx Platform Cable USB, ensure that status LED is green.
11:15:56 INFO  : Connected to target on host '127.0.0.1' and port '3121'.
11:15:56 INFO  : Jtag cable 'Digilent Zybo Z7 210351A6C81DA' is selected.
11:15:56 INFO  : 'jtag frequency' command is executed.
11:15:56 INFO  : Context for 'APU' is selected.
11:15:56 INFO  : System reset is completed.
11:15:59 INFO  : 'after 3000' command is executed.
11:16:00 INFO  : 'targets -set -filter {jtag_cable_name =~ "Digilent Zybo Z7 210351A6C81DA" && level==0 && jtag_device_ctx=="jsn-Zybo Z7-210351A6C81DA-13722093-0"}' command is executed.
11:16:01 INFO  : Device configured successfully with "/thayerfs/home/f003j8y/ENGS62/Module3/workspace/module3_sw/_ide/bitstream/module3_hw_wrapper.bit"
11:16:01 INFO  : Context for 'APU' is selected.
11:16:01 INFO  : Hardware design and registers information is loaded from '/thayerfs/home/f003j8y/ENGS62/Module3/workspace/module3_hw_wrapper/export/module3_hw_wrapper/hw/module3_hw_wrapper.xsa'.
11:16:01 INFO  : 'configparams force-mem-access 1' command is executed.
11:16:01 INFO  : Context for 'APU' is selected.
11:16:01 INFO  : Sourcing of '/thayerfs/home/f003j8y/ENGS62/Module3/workspace/module3_sw/_ide/psinit/ps7_init.tcl' is done.
11:16:01 INFO  : 'ps7_init' command is executed.
11:16:01 INFO  : 'ps7_post_config' command is executed.
11:16:01 INFO  : Context for processor 'ps7_cortexa9_0' is selected.
11:16:02 INFO  : The application '/thayerfs/home/f003j8y/ENGS62/Module3/workspace/module3_sw/Debug/module3_sw.elf' is downloaded to processor 'ps7_cortexa9_0'.
11:16:02 INFO  : 'configparams force-mem-access 0' command is executed.
11:16:02 INFO  : ----------------XSDB Script----------------
connect -url tcp:127.0.0.1:3121
targets -set -nocase -filter {name =~"APU*"}
rst -system
after 3000
targets -set -filter {jtag_cable_name =~ "Digilent Zybo Z7 210351A6C81DA" && level==0 && jtag_device_ctx=="jsn-Zybo Z7-210351A6C81DA-13722093-0"}
fpga -file /thayerfs/home/f003j8y/ENGS62/Module3/workspace/module3_sw/_ide/bitstream/module3_hw_wrapper.bit
targets -set -nocase -filter {name =~"APU*"}
loadhw -hw /thayerfs/home/f003j8y/ENGS62/Module3/workspace/module3_hw_wrapper/export/module3_hw_wrapper/hw/module3_hw_wrapper.xsa -mem-ranges [list {0x40000000 0xbfffffff}] -regs
configparams force-mem-access 1
targets -set -nocase -filter {name =~"APU*"}
source /thayerfs/home/f003j8y/ENGS62/Module3/workspace/module3_sw/_ide/psinit/ps7_init.tcl
ps7_init
ps7_post_config
targets -set -nocase -filter {name =~ "*A9*#0"}
dow /thayerfs/home/f003j8y/ENGS62/Module3/workspace/module3_sw/Debug/module3_sw.elf
configparams force-mem-access 0
----------------End of Script----------------

11:16:02 INFO  : Context for processor 'ps7_cortexa9_0' is selected.
11:16:02 INFO  : 'con' command is executed.
11:16:02 INFO  : ----------------XSDB Script (After Launch)----------------
targets -set -nocase -filter {name =~ "*A9*#0"}
con
----------------End of Script----------------

11:16:02 INFO  : Launch script is exported to file '/thayerfs/home/f003j8y/ENGS62/Module3/workspace/module3_sw_system/_ide/scripts/debugger_module3_sw-default.tcl'
11:18:21 INFO  : Disconnected from the channel tcfchan#4.
11:22:30 INFO  : Checking for BSP changes to sync application flags for project 'module3_sw'...
11:22:45 INFO  : Connected to target on host '127.0.0.1' and port '3121'.
11:22:46 INFO  : 'targets -set -filter {jtag_cable_name =~ "Digilent Zybo Z7 210351A6C81DA" && level==0 && jtag_device_ctx=="jsn-Zybo Z7-210351A6C81DA-13722093-0"}' command is executed.
11:22:47 INFO  : Device configured successfully with "/thayerfs/home/f003j8y/ENGS62/Module3/workspace/module3_sw/_ide/bitstream/module3_hw_wrapper.bit"
11:22:55 INFO  : Connected to target on host '127.0.0.1' and port '3121'.
11:22:56 INFO  : Jtag cable 'Digilent Zybo Z7 210351A6C81DA' is selected.
11:22:56 INFO  : 'jtag frequency' command is executed.
11:22:56 INFO  : Context for 'APU' is selected.
11:22:56 INFO  : System reset is completed.
11:22:59 INFO  : 'after 3000' command is executed.
11:22:59 INFO  : 'targets -set -filter {jtag_cable_name =~ "Digilent Zybo Z7 210351A6C81DA" && level==0 && jtag_device_ctx=="jsn-Zybo Z7-210351A6C81DA-13722093-0"}' command is executed.
11:23:00 INFO  : Device configured successfully with "/thayerfs/home/f003j8y/ENGS62/Module3/workspace/module3_sw/_ide/bitstream/module3_hw_wrapper.bit"
11:23:00 INFO  : Context for 'APU' is selected.
11:23:00 INFO  : Hardware design and registers information is loaded from '/thayerfs/home/f003j8y/ENGS62/Module3/workspace/module3_hw_wrapper/export/module3_hw_wrapper/hw/module3_hw_wrapper.xsa'.
11:23:00 INFO  : 'configparams force-mem-access 1' command is executed.
11:23:00 INFO  : Context for 'APU' is selected.
11:23:00 INFO  : Sourcing of '/thayerfs/home/f003j8y/ENGS62/Module3/workspace/module3_sw/_ide/psinit/ps7_init.tcl' is done.
11:23:00 INFO  : 'ps7_init' command is executed.
11:23:00 INFO  : 'ps7_post_config' command is executed.
11:23:01 INFO  : Context for processor 'ps7_cortexa9_0' is selected.
11:23:01 INFO  : The application '/thayerfs/home/f003j8y/ENGS62/Module3/workspace/module3_sw/Debug/module3_sw.elf' is downloaded to processor 'ps7_cortexa9_0'.
11:23:01 INFO  : 'configparams force-mem-access 0' command is executed.
11:23:01 INFO  : ----------------XSDB Script----------------
connect -url tcp:127.0.0.1:3121
targets -set -nocase -filter {name =~"APU*"}
rst -system
after 3000
targets -set -filter {jtag_cable_name =~ "Digilent Zybo Z7 210351A6C81DA" && level==0 && jtag_device_ctx=="jsn-Zybo Z7-210351A6C81DA-13722093-0"}
fpga -file /thayerfs/home/f003j8y/ENGS62/Module3/workspace/module3_sw/_ide/bitstream/module3_hw_wrapper.bit
targets -set -nocase -filter {name =~"APU*"}
loadhw -hw /thayerfs/home/f003j8y/ENGS62/Module3/workspace/module3_hw_wrapper/export/module3_hw_wrapper/hw/module3_hw_wrapper.xsa -mem-ranges [list {0x40000000 0xbfffffff}] -regs
configparams force-mem-access 1
targets -set -nocase -filter {name =~"APU*"}
source /thayerfs/home/f003j8y/ENGS62/Module3/workspace/module3_sw/_ide/psinit/ps7_init.tcl
ps7_init
ps7_post_config
targets -set -nocase -filter {name =~ "*A9*#0"}
dow /thayerfs/home/f003j8y/ENGS62/Module3/workspace/module3_sw/Debug/module3_sw.elf
configparams force-mem-access 0
----------------End of Script----------------

11:23:01 INFO  : Context for processor 'ps7_cortexa9_0' is selected.
11:23:01 INFO  : 'con' command is executed.
11:23:01 INFO  : ----------------XSDB Script (After Launch)----------------
targets -set -nocase -filter {name =~ "*A9*#0"}
con
----------------End of Script----------------

11:23:01 INFO  : Launch script is exported to file '/thayerfs/home/f003j8y/ENGS62/Module3/workspace/module3_sw_system/_ide/scripts/debugger_module3_sw-default.tcl'
11:23:17 INFO  : Disconnected from the channel tcfchan#5.
11:23:22 INFO  : Checking for BSP changes to sync application flags for project 'module3_sw'...
11:23:48 INFO  : Connected to target on host '127.0.0.1' and port '3121'.
11:23:48 INFO  : 'targets -set -filter {jtag_cable_name =~ "Digilent Zybo Z7 210351A6C81DA" && level==0 && jtag_device_ctx=="jsn-Zybo Z7-210351A6C81DA-13722093-0"}' command is executed.
11:23:49 INFO  : Device configured successfully with "/thayerfs/home/f003j8y/ENGS62/Module3/workspace/module3_sw/_ide/bitstream/module3_hw_wrapper.bit"
11:23:54 INFO  : Connected to target on host '127.0.0.1' and port '3121'.
11:23:55 INFO  : Jtag cable 'Digilent Zybo Z7 210351A6C81DA' is selected.
11:23:55 INFO  : 'jtag frequency' command is executed.
11:23:55 INFO  : Context for 'APU' is selected.
11:23:55 INFO  : System reset is completed.
11:23:58 INFO  : 'after 3000' command is executed.
11:23:58 INFO  : 'targets -set -filter {jtag_cable_name =~ "Digilent Zybo Z7 210351A6C81DA" && level==0 && jtag_device_ctx=="jsn-Zybo Z7-210351A6C81DA-13722093-0"}' command is executed.
11:23:59 INFO  : Device configured successfully with "/thayerfs/home/f003j8y/ENGS62/Module3/workspace/module3_sw/_ide/bitstream/module3_hw_wrapper.bit"
11:23:59 INFO  : Context for 'APU' is selected.
11:23:59 INFO  : Hardware design and registers information is loaded from '/thayerfs/home/f003j8y/ENGS62/Module3/workspace/module3_hw_wrapper/export/module3_hw_wrapper/hw/module3_hw_wrapper.xsa'.
11:23:59 INFO  : 'configparams force-mem-access 1' command is executed.
11:23:59 INFO  : Context for 'APU' is selected.
11:23:59 INFO  : Sourcing of '/thayerfs/home/f003j8y/ENGS62/Module3/workspace/module3_sw/_ide/psinit/ps7_init.tcl' is done.
11:24:00 INFO  : 'ps7_init' command is executed.
11:24:00 INFO  : 'ps7_post_config' command is executed.
11:24:00 INFO  : Context for processor 'ps7_cortexa9_0' is selected.
11:24:00 INFO  : The application '/thayerfs/home/f003j8y/ENGS62/Module3/workspace/module3_sw/Debug/module3_sw.elf' is downloaded to processor 'ps7_cortexa9_0'.
11:24:00 INFO  : 'configparams force-mem-access 0' command is executed.
11:24:00 INFO  : ----------------XSDB Script----------------
connect -url tcp:127.0.0.1:3121
targets -set -nocase -filter {name =~"APU*"}
rst -system
after 3000
targets -set -filter {jtag_cable_name =~ "Digilent Zybo Z7 210351A6C81DA" && level==0 && jtag_device_ctx=="jsn-Zybo Z7-210351A6C81DA-13722093-0"}
fpga -file /thayerfs/home/f003j8y/ENGS62/Module3/workspace/module3_sw/_ide/bitstream/module3_hw_wrapper.bit
targets -set -nocase -filter {name =~"APU*"}
loadhw -hw /thayerfs/home/f003j8y/ENGS62/Module3/workspace/module3_hw_wrapper/export/module3_hw_wrapper/hw/module3_hw_wrapper.xsa -mem-ranges [list {0x40000000 0xbfffffff}] -regs
configparams force-mem-access 1
targets -set -nocase -filter {name =~"APU*"}
source /thayerfs/home/f003j8y/ENGS62/Module3/workspace/module3_sw/_ide/psinit/ps7_init.tcl
ps7_init
ps7_post_config
targets -set -nocase -filter {name =~ "*A9*#0"}
dow /thayerfs/home/f003j8y/ENGS62/Module3/workspace/module3_sw/Debug/module3_sw.elf
configparams force-mem-access 0
----------------End of Script----------------

11:24:00 INFO  : Context for processor 'ps7_cortexa9_0' is selected.
11:24:00 INFO  : 'con' command is executed.
11:24:00 INFO  : ----------------XSDB Script (After Launch)----------------
targets -set -nocase -filter {name =~ "*A9*#0"}
con
----------------End of Script----------------

11:24:00 INFO  : Launch script is exported to file '/thayerfs/home/f003j8y/ENGS62/Module3/workspace/module3_sw_system/_ide/scripts/debugger_module3_sw-default.tcl'
11:28:42 INFO  : Disconnected from the channel tcfchan#6.
14:30:54 INFO  : Logs will be stored at '/thayerfs/home/f003j8y/ENGS62/Module3/workspace/IDE.log'.
14:30:59 INFO  : Launching XSCT server: xsct -n  -interactive /thayerfs/home/f003j8y/ENGS62/Module3/workspace/temp_xsdb_launch_script.tcl
14:31:04 INFO  : Platform repository initialization has completed.
14:31:05 INFO  : Registering command handlers for Vitis TCF services
14:31:06 INFO  : XSCT server has started successfully.
14:31:13 INFO  : plnx-install-location is set to ''
14:31:13 INFO  : Successfully done setting XSCT server connection channel  
14:31:13 INFO  : Successfully done query RDI_DATADIR 
14:31:13 INFO  : Successfully done setting workspace for the tool. 
14:43:33 INFO  : Checking for BSP changes to sync application flags for project 'module3_sw'...
14:43:45 ERROR : (XSDB Server)ERROR: [Hsi 55-1571] The design file /thayerfs/home/f003j8y/ENGS62/Module3/workspace/module3_hw_wrapper/export/module3_hw_wrapper/hw/module3_hw_wrapper.xsa is already opened

14:52:53 INFO  : Checking for BSP changes to sync application flags for project 'module3_sw'...
14:53:41 INFO  : Connected to target on host '127.0.0.1' and port '3121'.
14:53:42 INFO  : 'targets -set -filter {jtag_cable_name =~ "Digilent Zybo Z7 210351A6C81DA" && level==0 && jtag_device_ctx=="jsn-Zybo Z7-210351A6C81DA-13722093-0"}' command is executed.
14:53:43 INFO  : Device configured successfully with "/thayerfs/home/f003j8y/ENGS62/Module3/workspace/module3_sw/_ide/bitstream/module3_hw_wrapper.bit"
14:53:50 INFO  : Connected to target on host '127.0.0.1' and port '3121'.
14:53:50 INFO  : Jtag cable 'Digilent Zybo Z7 210351A6C81DA' is selected.
14:53:50 INFO  : 'jtag frequency' command is executed.
14:53:50 INFO  : Context for 'APU' is selected.
14:53:50 INFO  : System reset is completed.
14:53:54 INFO  : 'after 3000' command is executed.
14:53:54 INFO  : 'targets -set -filter {jtag_cable_name =~ "Digilent Zybo Z7 210351A6C81DA" && level==0 && jtag_device_ctx=="jsn-Zybo Z7-210351A6C81DA-13722093-0"}' command is executed.
14:53:55 INFO  : Device configured successfully with "/thayerfs/home/f003j8y/ENGS62/Module3/workspace/module3_sw/_ide/bitstream/module3_hw_wrapper.bit"
14:53:55 INFO  : Context for 'APU' is selected.
14:53:55 INFO  : Hardware design and registers information is loaded from '/thayerfs/home/f003j8y/ENGS62/Module3/workspace/module3_hw_wrapper/export/module3_hw_wrapper/hw/module3_hw_wrapper.xsa'.
14:53:55 INFO  : 'configparams force-mem-access 1' command is executed.
14:53:55 INFO  : Context for 'APU' is selected.
14:53:55 INFO  : Sourcing of '/thayerfs/home/f003j8y/ENGS62/Module3/workspace/module3_sw/_ide/psinit/ps7_init.tcl' is done.
14:53:55 INFO  : 'ps7_init' command is executed.
14:53:55 INFO  : 'ps7_post_config' command is executed.
14:53:55 INFO  : Context for processor 'ps7_cortexa9_0' is selected.
14:53:56 INFO  : The application '/thayerfs/home/f003j8y/ENGS62/Module3/workspace/module3_sw/Debug/module3_sw.elf' is downloaded to processor 'ps7_cortexa9_0'.
14:53:56 INFO  : 'configparams force-mem-access 0' command is executed.
14:53:56 INFO  : ----------------XSDB Script----------------
connect -url tcp:127.0.0.1:3121
targets -set -nocase -filter {name =~"APU*"}
rst -system
after 3000
targets -set -filter {jtag_cable_name =~ "Digilent Zybo Z7 210351A6C81DA" && level==0 && jtag_device_ctx=="jsn-Zybo Z7-210351A6C81DA-13722093-0"}
fpga -file /thayerfs/home/f003j8y/ENGS62/Module3/workspace/module3_sw/_ide/bitstream/module3_hw_wrapper.bit
targets -set -nocase -filter {name =~"APU*"}
loadhw -hw /thayerfs/home/f003j8y/ENGS62/Module3/workspace/module3_hw_wrapper/export/module3_hw_wrapper/hw/module3_hw_wrapper.xsa -mem-ranges [list {0x40000000 0xbfffffff}] -regs
configparams force-mem-access 1
targets -set -nocase -filter {name =~"APU*"}
source /thayerfs/home/f003j8y/ENGS62/Module3/workspace/module3_sw/_ide/psinit/ps7_init.tcl
ps7_init
ps7_post_config
targets -set -nocase -filter {name =~ "*A9*#0"}
dow /thayerfs/home/f003j8y/ENGS62/Module3/workspace/module3_sw/Debug/module3_sw.elf
configparams force-mem-access 0
----------------End of Script----------------

14:53:56 INFO  : Context for processor 'ps7_cortexa9_0' is selected.
14:53:56 INFO  : 'con' command is executed.
14:53:56 INFO  : ----------------XSDB Script (After Launch)----------------
targets -set -nocase -filter {name =~ "*A9*#0"}
con
----------------End of Script----------------

14:53:56 INFO  : Launch script is exported to file '/thayerfs/home/f003j8y/ENGS62/Module3/workspace/module3_sw_system/_ide/scripts/debugger_module3_sw-default.tcl'
14:54:25 INFO  : Disconnected from the channel tcfchan#2.
14:54:30 INFO  : Checking for BSP changes to sync application flags for project 'module3_sw'...
14:54:45 INFO  : Connected to target on host '127.0.0.1' and port '3121'.
14:54:46 INFO  : 'targets -set -filter {jtag_cable_name =~ "Digilent Zybo Z7 210351A6C81DA" && level==0 && jtag_device_ctx=="jsn-Zybo Z7-210351A6C81DA-13722093-0"}' command is executed.
14:54:47 INFO  : Device configured successfully with "/thayerfs/home/f003j8y/ENGS62/Module3/workspace/module3_sw/_ide/bitstream/module3_hw_wrapper.bit"
14:54:52 INFO  : Connected to target on host '127.0.0.1' and port '3121'.
14:54:52 INFO  : Jtag cable 'Digilent Zybo Z7 210351A6C81DA' is selected.
14:54:52 INFO  : 'jtag frequency' command is executed.
14:54:52 INFO  : Context for 'APU' is selected.
14:54:52 INFO  : System reset is completed.
14:54:55 INFO  : 'after 3000' command is executed.
14:54:55 INFO  : 'targets -set -filter {jtag_cable_name =~ "Digilent Zybo Z7 210351A6C81DA" && level==0 && jtag_device_ctx=="jsn-Zybo Z7-210351A6C81DA-13722093-0"}' command is executed.
14:54:57 INFO  : Device configured successfully with "/thayerfs/home/f003j8y/ENGS62/Module3/workspace/module3_sw/_ide/bitstream/module3_hw_wrapper.bit"
14:54:57 INFO  : Context for 'APU' is selected.
14:54:57 INFO  : Hardware design and registers information is loaded from '/thayerfs/home/f003j8y/ENGS62/Module3/workspace/module3_hw_wrapper/export/module3_hw_wrapper/hw/module3_hw_wrapper.xsa'.
14:54:57 INFO  : 'configparams force-mem-access 1' command is executed.
14:54:57 INFO  : Context for 'APU' is selected.
14:54:57 INFO  : Sourcing of '/thayerfs/home/f003j8y/ENGS62/Module3/workspace/module3_sw/_ide/psinit/ps7_init.tcl' is done.
14:54:57 INFO  : 'ps7_init' command is executed.
14:54:57 INFO  : 'ps7_post_config' command is executed.
14:54:57 INFO  : Context for processor 'ps7_cortexa9_0' is selected.
14:54:57 INFO  : The application '/thayerfs/home/f003j8y/ENGS62/Module3/workspace/module3_sw/Debug/module3_sw.elf' is downloaded to processor 'ps7_cortexa9_0'.
14:54:57 INFO  : 'configparams force-mem-access 0' command is executed.
14:54:57 INFO  : ----------------XSDB Script----------------
connect -url tcp:127.0.0.1:3121
targets -set -nocase -filter {name =~"APU*"}
rst -system
after 3000
targets -set -filter {jtag_cable_name =~ "Digilent Zybo Z7 210351A6C81DA" && level==0 && jtag_device_ctx=="jsn-Zybo Z7-210351A6C81DA-13722093-0"}
fpga -file /thayerfs/home/f003j8y/ENGS62/Module3/workspace/module3_sw/_ide/bitstream/module3_hw_wrapper.bit
targets -set -nocase -filter {name =~"APU*"}
loadhw -hw /thayerfs/home/f003j8y/ENGS62/Module3/workspace/module3_hw_wrapper/export/module3_hw_wrapper/hw/module3_hw_wrapper.xsa -mem-ranges [list {0x40000000 0xbfffffff}] -regs
configparams force-mem-access 1
targets -set -nocase -filter {name =~"APU*"}
source /thayerfs/home/f003j8y/ENGS62/Module3/workspace/module3_sw/_ide/psinit/ps7_init.tcl
ps7_init
ps7_post_config
targets -set -nocase -filter {name =~ "*A9*#0"}
dow /thayerfs/home/f003j8y/ENGS62/Module3/workspace/module3_sw/Debug/module3_sw.elf
configparams force-mem-access 0
----------------End of Script----------------

14:54:57 INFO  : Context for processor 'ps7_cortexa9_0' is selected.
14:54:58 INFO  : 'con' command is executed.
14:54:58 INFO  : ----------------XSDB Script (After Launch)----------------
targets -set -nocase -filter {name =~ "*A9*#0"}
con
----------------End of Script----------------

14:54:58 INFO  : Launch script is exported to file '/thayerfs/home/f003j8y/ENGS62/Module3/workspace/module3_sw_system/_ide/scripts/debugger_module3_sw-default.tcl'
14:56:16 INFO  : Disconnected from the channel tcfchan#3.
14:56:21 INFO  : Checking for BSP changes to sync application flags for project 'module3_sw'...
14:56:32 INFO  : Connected to target on host '127.0.0.1' and port '3121'.
14:56:32 INFO  : 'targets -set -filter {jtag_cable_name =~ "Digilent Zybo Z7 210351A6C81DA" && level==0 && jtag_device_ctx=="jsn-Zybo Z7-210351A6C81DA-13722093-0"}' command is executed.
14:56:33 INFO  : Device configured successfully with "/thayerfs/home/f003j8y/ENGS62/Module3/workspace/module3_sw/_ide/bitstream/module3_hw_wrapper.bit"
14:56:55 INFO  : Connected to target on host '127.0.0.1' and port '3121'.
14:56:56 INFO  : Jtag cable 'Digilent Zybo Z7 210351A6C81DA' is selected.
14:56:56 INFO  : 'jtag frequency' command is executed.
14:56:56 INFO  : Context for 'APU' is selected.
14:56:56 INFO  : System reset is completed.
14:56:59 INFO  : 'after 3000' command is executed.
14:56:59 INFO  : 'targets -set -filter {jtag_cable_name =~ "Digilent Zybo Z7 210351A6C81DA" && level==0 && jtag_device_ctx=="jsn-Zybo Z7-210351A6C81DA-13722093-0"}' command is executed.
14:57:00 INFO  : Device configured successfully with "/thayerfs/home/f003j8y/ENGS62/Module3/workspace/module3_sw/_ide/bitstream/module3_hw_wrapper.bit"
14:57:00 INFO  : Context for 'APU' is selected.
14:57:00 INFO  : Hardware design and registers information is loaded from '/thayerfs/home/f003j8y/ENGS62/Module3/workspace/module3_hw_wrapper/export/module3_hw_wrapper/hw/module3_hw_wrapper.xsa'.
14:57:00 INFO  : 'configparams force-mem-access 1' command is executed.
14:57:00 INFO  : Context for 'APU' is selected.
14:57:00 INFO  : Sourcing of '/thayerfs/home/f003j8y/ENGS62/Module3/workspace/module3_sw/_ide/psinit/ps7_init.tcl' is done.
14:57:01 INFO  : 'ps7_init' command is executed.
14:57:01 INFO  : 'ps7_post_config' command is executed.
14:57:01 INFO  : Context for processor 'ps7_cortexa9_0' is selected.
14:57:01 INFO  : The application '/thayerfs/home/f003j8y/ENGS62/Module3/workspace/module3_sw/Debug/module3_sw.elf' is downloaded to processor 'ps7_cortexa9_0'.
14:57:01 INFO  : 'configparams force-mem-access 0' command is executed.
14:57:01 INFO  : ----------------XSDB Script----------------
connect -url tcp:127.0.0.1:3121
targets -set -nocase -filter {name =~"APU*"}
rst -system
after 3000
targets -set -filter {jtag_cable_name =~ "Digilent Zybo Z7 210351A6C81DA" && level==0 && jtag_device_ctx=="jsn-Zybo Z7-210351A6C81DA-13722093-0"}
fpga -file /thayerfs/home/f003j8y/ENGS62/Module3/workspace/module3_sw/_ide/bitstream/module3_hw_wrapper.bit
targets -set -nocase -filter {name =~"APU*"}
loadhw -hw /thayerfs/home/f003j8y/ENGS62/Module3/workspace/module3_hw_wrapper/export/module3_hw_wrapper/hw/module3_hw_wrapper.xsa -mem-ranges [list {0x40000000 0xbfffffff}] -regs
configparams force-mem-access 1
targets -set -nocase -filter {name =~"APU*"}
source /thayerfs/home/f003j8y/ENGS62/Module3/workspace/module3_sw/_ide/psinit/ps7_init.tcl
ps7_init
ps7_post_config
targets -set -nocase -filter {name =~ "*A9*#0"}
dow /thayerfs/home/f003j8y/ENGS62/Module3/workspace/module3_sw/Debug/module3_sw.elf
configparams force-mem-access 0
----------------End of Script----------------

14:57:01 INFO  : Context for processor 'ps7_cortexa9_0' is selected.
14:57:01 INFO  : 'con' command is executed.
14:57:01 INFO  : ----------------XSDB Script (After Launch)----------------
targets -set -nocase -filter {name =~ "*A9*#0"}
con
----------------End of Script----------------

14:57:01 INFO  : Launch script is exported to file '/thayerfs/home/f003j8y/ENGS62/Module3/workspace/module3_sw_system/_ide/scripts/debugger_module3_sw-default.tcl'
14:58:52 INFO  : Disconnected from the channel tcfchan#4.
14:58:59 INFO  : Checking for BSP changes to sync application flags for project 'module3_sw'...
14:59:08 INFO  : Connected to target on host '127.0.0.1' and port '3121'.
14:59:08 INFO  : 'targets -set -filter {jtag_cable_name =~ "Digilent Zybo Z7 210351A6C81DA" && level==0 && jtag_device_ctx=="jsn-Zybo Z7-210351A6C81DA-13722093-0"}' command is executed.
14:59:09 INFO  : Device configured successfully with "/thayerfs/home/f003j8y/ENGS62/Module3/workspace/module3_sw/_ide/bitstream/module3_hw_wrapper.bit"
14:59:14 INFO  : Connected to target on host '127.0.0.1' and port '3121'.
14:59:15 INFO  : Jtag cable 'Digilent Zybo Z7 210351A6C81DA' is selected.
14:59:15 INFO  : 'jtag frequency' command is executed.
14:59:15 INFO  : Context for 'APU' is selected.
14:59:15 INFO  : System reset is completed.
14:59:18 INFO  : 'after 3000' command is executed.
14:59:18 INFO  : 'targets -set -filter {jtag_cable_name =~ "Digilent Zybo Z7 210351A6C81DA" && level==0 && jtag_device_ctx=="jsn-Zybo Z7-210351A6C81DA-13722093-0"}' command is executed.
14:59:19 INFO  : Device configured successfully with "/thayerfs/home/f003j8y/ENGS62/Module3/workspace/module3_sw/_ide/bitstream/module3_hw_wrapper.bit"
14:59:19 INFO  : Context for 'APU' is selected.
14:59:19 INFO  : Hardware design and registers information is loaded from '/thayerfs/home/f003j8y/ENGS62/Module3/workspace/module3_hw_wrapper/export/module3_hw_wrapper/hw/module3_hw_wrapper.xsa'.
14:59:19 INFO  : 'configparams force-mem-access 1' command is executed.
14:59:19 INFO  : Context for 'APU' is selected.
14:59:19 INFO  : Sourcing of '/thayerfs/home/f003j8y/ENGS62/Module3/workspace/module3_sw/_ide/psinit/ps7_init.tcl' is done.
14:59:20 INFO  : 'ps7_init' command is executed.
14:59:20 INFO  : 'ps7_post_config' command is executed.
14:59:20 INFO  : Context for processor 'ps7_cortexa9_0' is selected.
14:59:20 INFO  : The application '/thayerfs/home/f003j8y/ENGS62/Module3/workspace/module3_sw/Debug/module3_sw.elf' is downloaded to processor 'ps7_cortexa9_0'.
14:59:20 INFO  : 'configparams force-mem-access 0' command is executed.
14:59:20 INFO  : ----------------XSDB Script----------------
connect -url tcp:127.0.0.1:3121
targets -set -nocase -filter {name =~"APU*"}
rst -system
after 3000
targets -set -filter {jtag_cable_name =~ "Digilent Zybo Z7 210351A6C81DA" && level==0 && jtag_device_ctx=="jsn-Zybo Z7-210351A6C81DA-13722093-0"}
fpga -file /thayerfs/home/f003j8y/ENGS62/Module3/workspace/module3_sw/_ide/bitstream/module3_hw_wrapper.bit
targets -set -nocase -filter {name =~"APU*"}
loadhw -hw /thayerfs/home/f003j8y/ENGS62/Module3/workspace/module3_hw_wrapper/export/module3_hw_wrapper/hw/module3_hw_wrapper.xsa -mem-ranges [list {0x40000000 0xbfffffff}] -regs
configparams force-mem-access 1
targets -set -nocase -filter {name =~"APU*"}
source /thayerfs/home/f003j8y/ENGS62/Module3/workspace/module3_sw/_ide/psinit/ps7_init.tcl
ps7_init
ps7_post_config
targets -set -nocase -filter {name =~ "*A9*#0"}
dow /thayerfs/home/f003j8y/ENGS62/Module3/workspace/module3_sw/Debug/module3_sw.elf
configparams force-mem-access 0
----------------End of Script----------------

14:59:20 INFO  : Context for processor 'ps7_cortexa9_0' is selected.
14:59:20 INFO  : 'con' command is executed.
14:59:20 INFO  : ----------------XSDB Script (After Launch)----------------
targets -set -nocase -filter {name =~ "*A9*#0"}
con
----------------End of Script----------------

14:59:20 INFO  : Launch script is exported to file '/thayerfs/home/f003j8y/ENGS62/Module3/workspace/module3_sw_system/_ide/scripts/debugger_module3_sw-default.tcl'
15:00:19 INFO  : Disconnected from the channel tcfchan#5.
15:00:24 INFO  : Checking for BSP changes to sync application flags for project 'module3_sw'...
15:00:34 INFO  : Connected to target on host '127.0.0.1' and port '3121'.
15:00:35 INFO  : 'targets -set -filter {jtag_cable_name =~ "Digilent Zybo Z7 210351A6C81DA" && level==0 && jtag_device_ctx=="jsn-Zybo Z7-210351A6C81DA-13722093-0"}' command is executed.
15:00:36 INFO  : Device configured successfully with "/thayerfs/home/f003j8y/ENGS62/Module3/workspace/module3_sw/_ide/bitstream/module3_hw_wrapper.bit"
15:02:54 INFO  : Checking for BSP changes to sync application flags for project 'module3_sw'...
15:03:01 INFO  : Connected to target on host '127.0.0.1' and port '3121'.
15:03:01 INFO  : 'targets -set -filter {jtag_cable_name =~ "Digilent Zybo Z7 210351A6C81DA" && level==0 && jtag_device_ctx=="jsn-Zybo Z7-210351A6C81DA-13722093-0"}' command is executed.
15:03:02 INFO  : Device configured successfully with "/thayerfs/home/f003j8y/ENGS62/Module3/workspace/module3_sw/_ide/bitstream/module3_hw_wrapper.bit"
15:03:07 INFO  : Connected to target on host '127.0.0.1' and port '3121'.
15:03:08 INFO  : Jtag cable 'Digilent Zybo Z7 210351A6C81DA' is selected.
15:03:08 INFO  : 'jtag frequency' command is executed.
15:03:08 INFO  : Context for 'APU' is selected.
15:03:08 INFO  : System reset is completed.
15:03:11 INFO  : 'after 3000' command is executed.
15:03:11 INFO  : 'targets -set -filter {jtag_cable_name =~ "Digilent Zybo Z7 210351A6C81DA" && level==0 && jtag_device_ctx=="jsn-Zybo Z7-210351A6C81DA-13722093-0"}' command is executed.
15:03:12 INFO  : Device configured successfully with "/thayerfs/home/f003j8y/ENGS62/Module3/workspace/module3_sw/_ide/bitstream/module3_hw_wrapper.bit"
15:03:12 INFO  : Context for 'APU' is selected.
15:03:12 INFO  : Hardware design and registers information is loaded from '/thayerfs/home/f003j8y/ENGS62/Module3/workspace/module3_hw_wrapper/export/module3_hw_wrapper/hw/module3_hw_wrapper.xsa'.
15:03:12 INFO  : 'configparams force-mem-access 1' command is executed.
15:03:12 INFO  : Context for 'APU' is selected.
15:03:12 INFO  : Sourcing of '/thayerfs/home/f003j8y/ENGS62/Module3/workspace/module3_sw/_ide/psinit/ps7_init.tcl' is done.
15:03:13 INFO  : 'ps7_init' command is executed.
15:03:13 INFO  : 'ps7_post_config' command is executed.
15:03:13 INFO  : Context for processor 'ps7_cortexa9_0' is selected.
15:03:13 INFO  : The application '/thayerfs/home/f003j8y/ENGS62/Module3/workspace/module3_sw/Debug/module3_sw.elf' is downloaded to processor 'ps7_cortexa9_0'.
15:03:13 INFO  : 'configparams force-mem-access 0' command is executed.
15:03:13 INFO  : ----------------XSDB Script----------------
connect -url tcp:127.0.0.1:3121
targets -set -nocase -filter {name =~"APU*"}
rst -system
after 3000
targets -set -filter {jtag_cable_name =~ "Digilent Zybo Z7 210351A6C81DA" && level==0 && jtag_device_ctx=="jsn-Zybo Z7-210351A6C81DA-13722093-0"}
fpga -file /thayerfs/home/f003j8y/ENGS62/Module3/workspace/module3_sw/_ide/bitstream/module3_hw_wrapper.bit
targets -set -nocase -filter {name =~"APU*"}
loadhw -hw /thayerfs/home/f003j8y/ENGS62/Module3/workspace/module3_hw_wrapper/export/module3_hw_wrapper/hw/module3_hw_wrapper.xsa -mem-ranges [list {0x40000000 0xbfffffff}] -regs
configparams force-mem-access 1
targets -set -nocase -filter {name =~"APU*"}
source /thayerfs/home/f003j8y/ENGS62/Module3/workspace/module3_sw/_ide/psinit/ps7_init.tcl
ps7_init
ps7_post_config
targets -set -nocase -filter {name =~ "*A9*#0"}
dow /thayerfs/home/f003j8y/ENGS62/Module3/workspace/module3_sw/Debug/module3_sw.elf
configparams force-mem-access 0
----------------End of Script----------------

15:03:13 INFO  : Context for processor 'ps7_cortexa9_0' is selected.
15:03:13 INFO  : 'con' command is executed.
15:03:13 INFO  : ----------------XSDB Script (After Launch)----------------
targets -set -nocase -filter {name =~ "*A9*#0"}
con
----------------End of Script----------------

15:03:13 INFO  : Launch script is exported to file '/thayerfs/home/f003j8y/ENGS62/Module3/workspace/module3_sw_system/_ide/scripts/debugger_module3_sw-default.tcl'
15:25:15 INFO  : Disconnected from the channel tcfchan#6.
15:25:19 INFO  : Checking for BSP changes to sync application flags for project 'module3_sw'...
15:27:44 INFO  : Checking for BSP changes to sync application flags for project 'module3_sw'...
15:29:36 INFO  : Checking for BSP changes to sync application flags for project 'module3_sw'...
15:29:48 INFO  : Connected to target on host '127.0.0.1' and port '3121'.
15:29:48 INFO  : 'targets -set -filter {jtag_cable_name =~ "Digilent Zybo Z7 210351A6C81DA" && level==0 && jtag_device_ctx=="jsn-Zybo Z7-210351A6C81DA-13722093-0"}' command is executed.
15:29:49 INFO  : Device configured successfully with "/thayerfs/home/f003j8y/ENGS62/Module3/workspace/module3_sw/_ide/bitstream/module3_hw_wrapper.bit"
15:30:04 INFO  : Connected to target on host '127.0.0.1' and port '3121'.
15:30:04 INFO  : Jtag cable 'Digilent Zybo Z7 210351A6C81DA' is selected.
15:30:04 INFO  : 'jtag frequency' command is executed.
15:30:04 INFO  : Context for 'APU' is selected.
15:30:05 INFO  : System reset is completed.
15:30:08 INFO  : 'after 3000' command is executed.
15:30:08 INFO  : 'targets -set -filter {jtag_cable_name =~ "Digilent Zybo Z7 210351A6C81DA" && level==0 && jtag_device_ctx=="jsn-Zybo Z7-210351A6C81DA-13722093-0"}' command is executed.
15:30:09 INFO  : Device configured successfully with "/thayerfs/home/f003j8y/ENGS62/Module3/workspace/module3_sw/_ide/bitstream/module3_hw_wrapper.bit"
15:30:09 INFO  : Context for 'APU' is selected.
15:30:09 INFO  : Hardware design and registers information is loaded from '/thayerfs/home/f003j8y/ENGS62/Module3/workspace/module3_hw_wrapper/export/module3_hw_wrapper/hw/module3_hw_wrapper.xsa'.
15:30:09 INFO  : 'configparams force-mem-access 1' command is executed.
15:30:09 INFO  : Context for 'APU' is selected.
15:30:09 INFO  : Sourcing of '/thayerfs/home/f003j8y/ENGS62/Module3/workspace/module3_sw/_ide/psinit/ps7_init.tcl' is done.
15:30:09 INFO  : 'ps7_init' command is executed.
15:30:09 INFO  : 'ps7_post_config' command is executed.
15:30:09 INFO  : Context for processor 'ps7_cortexa9_0' is selected.
15:30:10 INFO  : The application '/thayerfs/home/f003j8y/ENGS62/Module3/workspace/module3_sw/Debug/module3_sw.elf' is downloaded to processor 'ps7_cortexa9_0'.
15:30:10 INFO  : 'configparams force-mem-access 0' command is executed.
15:30:10 INFO  : ----------------XSDB Script----------------
connect -url tcp:127.0.0.1:3121
targets -set -nocase -filter {name =~"APU*"}
rst -system
after 3000
targets -set -filter {jtag_cable_name =~ "Digilent Zybo Z7 210351A6C81DA" && level==0 && jtag_device_ctx=="jsn-Zybo Z7-210351A6C81DA-13722093-0"}
fpga -file /thayerfs/home/f003j8y/ENGS62/Module3/workspace/module3_sw/_ide/bitstream/module3_hw_wrapper.bit
targets -set -nocase -filter {name =~"APU*"}
loadhw -hw /thayerfs/home/f003j8y/ENGS62/Module3/workspace/module3_hw_wrapper/export/module3_hw_wrapper/hw/module3_hw_wrapper.xsa -mem-ranges [list {0x40000000 0xbfffffff}] -regs
configparams force-mem-access 1
targets -set -nocase -filter {name =~"APU*"}
source /thayerfs/home/f003j8y/ENGS62/Module3/workspace/module3_sw/_ide/psinit/ps7_init.tcl
ps7_init
ps7_post_config
targets -set -nocase -filter {name =~ "*A9*#0"}
dow /thayerfs/home/f003j8y/ENGS62/Module3/workspace/module3_sw/Debug/module3_sw.elf
configparams force-mem-access 0
----------------End of Script----------------

15:30:10 INFO  : Context for processor 'ps7_cortexa9_0' is selected.
15:30:10 INFO  : 'con' command is executed.
15:30:10 INFO  : ----------------XSDB Script (After Launch)----------------
targets -set -nocase -filter {name =~ "*A9*#0"}
con
----------------End of Script----------------

15:30:10 INFO  : Launch script is exported to file '/thayerfs/home/f003j8y/ENGS62/Module3/workspace/module3_sw_system/_ide/scripts/debugger_module3_sw-default.tcl'
15:30:29 INFO  : Checking for BSP changes to sync application flags for project 'module3_sw'...
15:30:37 INFO  : Checking for BSP changes to sync application flags for project 'module3_sw'...
15:30:43 INFO  : Disconnected from the channel tcfchan#7.
15:30:52 INFO  : Connected to target on host '127.0.0.1' and port '3121'.
15:30:52 INFO  : 'targets -set -filter {jtag_cable_name =~ "Digilent Zybo Z7 210351A6C81DA" && level==0 && jtag_device_ctx=="jsn-Zybo Z7-210351A6C81DA-13722093-0"}' command is executed.
15:30:53 INFO  : Device configured successfully with "/thayerfs/home/f003j8y/ENGS62/Module3/workspace/module3_sw/_ide/bitstream/module3_hw_wrapper.bit"
15:31:00 INFO  : Connected to target on host '127.0.0.1' and port '3121'.
15:31:00 INFO  : Jtag cable 'Digilent Zybo Z7 210351A6C81DA' is selected.
15:31:01 INFO  : 'jtag frequency' command is executed.
15:31:01 INFO  : Context for 'APU' is selected.
15:31:01 INFO  : System reset is completed.
15:31:04 INFO  : 'after 3000' command is executed.
15:31:04 INFO  : 'targets -set -filter {jtag_cable_name =~ "Digilent Zybo Z7 210351A6C81DA" && level==0 && jtag_device_ctx=="jsn-Zybo Z7-210351A6C81DA-13722093-0"}' command is executed.
15:31:05 INFO  : Device configured successfully with "/thayerfs/home/f003j8y/ENGS62/Module3/workspace/module3_sw/_ide/bitstream/module3_hw_wrapper.bit"
15:31:05 INFO  : Context for 'APU' is selected.
15:31:05 INFO  : Hardware design and registers information is loaded from '/thayerfs/home/f003j8y/ENGS62/Module3/workspace/module3_hw_wrapper/export/module3_hw_wrapper/hw/module3_hw_wrapper.xsa'.
15:31:05 INFO  : 'configparams force-mem-access 1' command is executed.
15:31:05 INFO  : Context for 'APU' is selected.
15:31:05 INFO  : Sourcing of '/thayerfs/home/f003j8y/ENGS62/Module3/workspace/module3_sw/_ide/psinit/ps7_init.tcl' is done.
15:31:05 INFO  : 'ps7_init' command is executed.
15:31:05 INFO  : 'ps7_post_config' command is executed.
15:31:05 INFO  : Context for processor 'ps7_cortexa9_0' is selected.
15:31:06 INFO  : The application '/thayerfs/home/f003j8y/ENGS62/Module3/workspace/module3_sw/Debug/module3_sw.elf' is downloaded to processor 'ps7_cortexa9_0'.
15:31:06 INFO  : 'configparams force-mem-access 0' command is executed.
15:31:06 INFO  : ----------------XSDB Script----------------
connect -url tcp:127.0.0.1:3121
targets -set -nocase -filter {name =~"APU*"}
rst -system
after 3000
targets -set -filter {jtag_cable_name =~ "Digilent Zybo Z7 210351A6C81DA" && level==0 && jtag_device_ctx=="jsn-Zybo Z7-210351A6C81DA-13722093-0"}
fpga -file /thayerfs/home/f003j8y/ENGS62/Module3/workspace/module3_sw/_ide/bitstream/module3_hw_wrapper.bit
targets -set -nocase -filter {name =~"APU*"}
loadhw -hw /thayerfs/home/f003j8y/ENGS62/Module3/workspace/module3_hw_wrapper/export/module3_hw_wrapper/hw/module3_hw_wrapper.xsa -mem-ranges [list {0x40000000 0xbfffffff}] -regs
configparams force-mem-access 1
targets -set -nocase -filter {name =~"APU*"}
source /thayerfs/home/f003j8y/ENGS62/Module3/workspace/module3_sw/_ide/psinit/ps7_init.tcl
ps7_init
ps7_post_config
targets -set -nocase -filter {name =~ "*A9*#0"}
dow /thayerfs/home/f003j8y/ENGS62/Module3/workspace/module3_sw/Debug/module3_sw.elf
configparams force-mem-access 0
----------------End of Script----------------

15:31:06 INFO  : Context for processor 'ps7_cortexa9_0' is selected.
15:31:06 INFO  : 'con' command is executed.
15:31:06 INFO  : ----------------XSDB Script (After Launch)----------------
targets -set -nocase -filter {name =~ "*A9*#0"}
con
----------------End of Script----------------

15:31:06 INFO  : Launch script is exported to file '/thayerfs/home/f003j8y/ENGS62/Module3/workspace/module3_sw_system/_ide/scripts/debugger_module3_sw-default.tcl'
15:32:41 INFO  : Disconnected from the channel tcfchan#8.
15:32:46 INFO  : Checking for BSP changes to sync application flags for project 'module3_sw'...
15:32:56 INFO  : Connected to target on host '127.0.0.1' and port '3121'.
15:32:57 INFO  : 'targets -set -filter {jtag_cable_name =~ "Digilent Zybo Z7 210351A6C81DA" && level==0 && jtag_device_ctx=="jsn-Zybo Z7-210351A6C81DA-13722093-0"}' command is executed.
15:32:58 INFO  : Device configured successfully with "/thayerfs/home/f003j8y/ENGS62/Module3/workspace/module3_sw/_ide/bitstream/module3_hw_wrapper.bit"
15:33:05 INFO  : Connected to target on host '127.0.0.1' and port '3121'.
15:33:05 INFO  : Jtag cable 'Digilent Zybo Z7 210351A6C81DA' is selected.
15:33:05 INFO  : 'jtag frequency' command is executed.
15:33:05 INFO  : Context for 'APU' is selected.
15:33:05 INFO  : System reset is completed.
15:33:08 INFO  : 'after 3000' command is executed.
15:33:08 INFO  : 'targets -set -filter {jtag_cable_name =~ "Digilent Zybo Z7 210351A6C81DA" && level==0 && jtag_device_ctx=="jsn-Zybo Z7-210351A6C81DA-13722093-0"}' command is executed.
15:33:10 INFO  : Device configured successfully with "/thayerfs/home/f003j8y/ENGS62/Module3/workspace/module3_sw/_ide/bitstream/module3_hw_wrapper.bit"
15:33:10 INFO  : Context for 'APU' is selected.
15:33:10 INFO  : Hardware design and registers information is loaded from '/thayerfs/home/f003j8y/ENGS62/Module3/workspace/module3_hw_wrapper/export/module3_hw_wrapper/hw/module3_hw_wrapper.xsa'.
15:33:10 INFO  : 'configparams force-mem-access 1' command is executed.
15:33:10 INFO  : Context for 'APU' is selected.
15:33:10 INFO  : Sourcing of '/thayerfs/home/f003j8y/ENGS62/Module3/workspace/module3_sw/_ide/psinit/ps7_init.tcl' is done.
15:33:10 INFO  : 'ps7_init' command is executed.
15:33:10 INFO  : 'ps7_post_config' command is executed.
15:33:10 INFO  : Context for processor 'ps7_cortexa9_0' is selected.
15:33:10 INFO  : The application '/thayerfs/home/f003j8y/ENGS62/Module3/workspace/module3_sw/Debug/module3_sw.elf' is downloaded to processor 'ps7_cortexa9_0'.
15:33:11 INFO  : 'configparams force-mem-access 0' command is executed.
15:33:11 INFO  : ----------------XSDB Script----------------
connect -url tcp:127.0.0.1:3121
targets -set -nocase -filter {name =~"APU*"}
rst -system
after 3000
targets -set -filter {jtag_cable_name =~ "Digilent Zybo Z7 210351A6C81DA" && level==0 && jtag_device_ctx=="jsn-Zybo Z7-210351A6C81DA-13722093-0"}
fpga -file /thayerfs/home/f003j8y/ENGS62/Module3/workspace/module3_sw/_ide/bitstream/module3_hw_wrapper.bit
targets -set -nocase -filter {name =~"APU*"}
loadhw -hw /thayerfs/home/f003j8y/ENGS62/Module3/workspace/module3_hw_wrapper/export/module3_hw_wrapper/hw/module3_hw_wrapper.xsa -mem-ranges [list {0x40000000 0xbfffffff}] -regs
configparams force-mem-access 1
targets -set -nocase -filter {name =~"APU*"}
source /thayerfs/home/f003j8y/ENGS62/Module3/workspace/module3_sw/_ide/psinit/ps7_init.tcl
ps7_init
ps7_post_config
targets -set -nocase -filter {name =~ "*A9*#0"}
dow /thayerfs/home/f003j8y/ENGS62/Module3/workspace/module3_sw/Debug/module3_sw.elf
configparams force-mem-access 0
----------------End of Script----------------

15:33:11 INFO  : Context for processor 'ps7_cortexa9_0' is selected.
15:33:11 INFO  : 'con' command is executed.
15:33:11 INFO  : ----------------XSDB Script (After Launch)----------------
targets -set -nocase -filter {name =~ "*A9*#0"}
con
----------------End of Script----------------

15:33:11 INFO  : Launch script is exported to file '/thayerfs/home/f003j8y/ENGS62/Module3/workspace/module3_sw_system/_ide/scripts/debugger_module3_sw-default.tcl'
15:33:25 INFO  : Disconnected from the channel tcfchan#9.
15:33:38 INFO  : Checking for BSP changes to sync application flags for project 'module3_sw'...
15:33:48 INFO  : Connected to target on host '127.0.0.1' and port '3121'.
15:33:48 INFO  : 'targets -set -filter {jtag_cable_name =~ "Digilent Zybo Z7 210351A6C81DA" && level==0 && jtag_device_ctx=="jsn-Zybo Z7-210351A6C81DA-13722093-0"}' command is executed.
15:33:49 INFO  : Device configured successfully with "/thayerfs/home/f003j8y/ENGS62/Module3/workspace/module3_sw/_ide/bitstream/module3_hw_wrapper.bit"
15:36:25 INFO  : Connected to target on host '127.0.0.1' and port '3121'.
15:36:25 INFO  : Jtag cable 'Digilent Zybo Z7 210351A6C81DA' is selected.
15:36:25 INFO  : 'jtag frequency' command is executed.
15:36:25 INFO  : Context for 'APU' is selected.
15:36:25 INFO  : System reset is completed.
15:36:28 INFO  : 'after 3000' command is executed.
15:36:28 INFO  : 'targets -set -filter {jtag_cable_name =~ "Digilent Zybo Z7 210351A6C81DA" && level==0 && jtag_device_ctx=="jsn-Zybo Z7-210351A6C81DA-13722093-0"}' command is executed.
15:36:30 INFO  : Device configured successfully with "/thayerfs/home/f003j8y/ENGS62/Module3/workspace/module3_sw/_ide/bitstream/module3_hw_wrapper.bit"
15:36:30 INFO  : Context for 'APU' is selected.
15:36:30 INFO  : Hardware design and registers information is loaded from '/thayerfs/home/f003j8y/ENGS62/Module3/workspace/module3_hw_wrapper/export/module3_hw_wrapper/hw/module3_hw_wrapper.xsa'.
15:36:30 INFO  : 'configparams force-mem-access 1' command is executed.
15:36:30 INFO  : Context for 'APU' is selected.
15:36:30 INFO  : Sourcing of '/thayerfs/home/f003j8y/ENGS62/Module3/workspace/module3_sw/_ide/psinit/ps7_init.tcl' is done.
15:36:30 INFO  : 'ps7_init' command is executed.
15:36:30 INFO  : 'ps7_post_config' command is executed.
15:36:30 INFO  : Context for processor 'ps7_cortexa9_0' is selected.
15:36:30 INFO  : The application '/thayerfs/home/f003j8y/ENGS62/Module3/workspace/module3_sw/Debug/module3_sw.elf' is downloaded to processor 'ps7_cortexa9_0'.
15:36:30 INFO  : 'configparams force-mem-access 0' command is executed.
15:36:30 INFO  : ----------------XSDB Script----------------
connect -url tcp:127.0.0.1:3121
targets -set -nocase -filter {name =~"APU*"}
rst -system
after 3000
targets -set -filter {jtag_cable_name =~ "Digilent Zybo Z7 210351A6C81DA" && level==0 && jtag_device_ctx=="jsn-Zybo Z7-210351A6C81DA-13722093-0"}
fpga -file /thayerfs/home/f003j8y/ENGS62/Module3/workspace/module3_sw/_ide/bitstream/module3_hw_wrapper.bit
targets -set -nocase -filter {name =~"APU*"}
loadhw -hw /thayerfs/home/f003j8y/ENGS62/Module3/workspace/module3_hw_wrapper/export/module3_hw_wrapper/hw/module3_hw_wrapper.xsa -mem-ranges [list {0x40000000 0xbfffffff}] -regs
configparams force-mem-access 1
targets -set -nocase -filter {name =~"APU*"}
source /thayerfs/home/f003j8y/ENGS62/Module3/workspace/module3_sw/_ide/psinit/ps7_init.tcl
ps7_init
ps7_post_config
targets -set -nocase -filter {name =~ "*A9*#0"}
dow /thayerfs/home/f003j8y/ENGS62/Module3/workspace/module3_sw/Debug/module3_sw.elf
configparams force-mem-access 0
----------------End of Script----------------

15:36:30 INFO  : Context for processor 'ps7_cortexa9_0' is selected.
15:36:30 INFO  : 'con' command is executed.
15:36:30 INFO  : ----------------XSDB Script (After Launch)----------------
targets -set -nocase -filter {name =~ "*A9*#0"}
con
----------------End of Script----------------

15:36:30 INFO  : Launch script is exported to file '/thayerfs/home/f003j8y/ENGS62/Module3/workspace/module3_sw_system/_ide/scripts/debugger_module3_sw-default.tcl'
15:38:49 INFO  : Disconnected from the channel tcfchan#10.
15:38:54 INFO  : Checking for BSP changes to sync application flags for project 'module3_sw'...
15:39:08 INFO  : Checking for BSP changes to sync application flags for project 'module3_sw'...
15:39:16 INFO  : Connected to target on host '127.0.0.1' and port '3121'.
15:39:17 INFO  : 'targets -set -filter {jtag_cable_name =~ "Digilent Zybo Z7 210351A6C81DA" && level==0 && jtag_device_ctx=="jsn-Zybo Z7-210351A6C81DA-13722093-0"}' command is executed.
15:39:18 INFO  : Device configured successfully with "/thayerfs/home/f003j8y/ENGS62/Module3/workspace/module3_sw/_ide/bitstream/module3_hw_wrapper.bit"
15:39:28 INFO  : Connected to target on host '127.0.0.1' and port '3121'.
15:39:29 INFO  : Jtag cable 'Digilent Zybo Z7 210351A6C81DA' is selected.
15:39:29 INFO  : 'jtag frequency' command is executed.
15:39:29 INFO  : Context for 'APU' is selected.
15:39:29 INFO  : System reset is completed.
15:39:32 INFO  : 'after 3000' command is executed.
15:39:32 INFO  : 'targets -set -filter {jtag_cable_name =~ "Digilent Zybo Z7 210351A6C81DA" && level==0 && jtag_device_ctx=="jsn-Zybo Z7-210351A6C81DA-13722093-0"}' command is executed.
15:39:33 INFO  : Device configured successfully with "/thayerfs/home/f003j8y/ENGS62/Module3/workspace/module3_sw/_ide/bitstream/module3_hw_wrapper.bit"
15:39:33 INFO  : Context for 'APU' is selected.
15:39:33 INFO  : Hardware design and registers information is loaded from '/thayerfs/home/f003j8y/ENGS62/Module3/workspace/module3_hw_wrapper/export/module3_hw_wrapper/hw/module3_hw_wrapper.xsa'.
15:39:33 INFO  : 'configparams force-mem-access 1' command is executed.
15:39:33 INFO  : Context for 'APU' is selected.
15:39:33 INFO  : Sourcing of '/thayerfs/home/f003j8y/ENGS62/Module3/workspace/module3_sw/_ide/psinit/ps7_init.tcl' is done.
15:39:34 INFO  : 'ps7_init' command is executed.
15:39:34 INFO  : 'ps7_post_config' command is executed.
15:39:34 INFO  : Context for processor 'ps7_cortexa9_0' is selected.
15:39:34 INFO  : The application '/thayerfs/home/f003j8y/ENGS62/Module3/workspace/module3_sw/Debug/module3_sw.elf' is downloaded to processor 'ps7_cortexa9_0'.
15:39:34 INFO  : 'configparams force-mem-access 0' command is executed.
15:39:34 INFO  : ----------------XSDB Script----------------
connect -url tcp:127.0.0.1:3121
targets -set -nocase -filter {name =~"APU*"}
rst -system
after 3000
targets -set -filter {jtag_cable_name =~ "Digilent Zybo Z7 210351A6C81DA" && level==0 && jtag_device_ctx=="jsn-Zybo Z7-210351A6C81DA-13722093-0"}
fpga -file /thayerfs/home/f003j8y/ENGS62/Module3/workspace/module3_sw/_ide/bitstream/module3_hw_wrapper.bit
targets -set -nocase -filter {name =~"APU*"}
loadhw -hw /thayerfs/home/f003j8y/ENGS62/Module3/workspace/module3_hw_wrapper/export/module3_hw_wrapper/hw/module3_hw_wrapper.xsa -mem-ranges [list {0x40000000 0xbfffffff}] -regs
configparams force-mem-access 1
targets -set -nocase -filter {name =~"APU*"}
source /thayerfs/home/f003j8y/ENGS62/Module3/workspace/module3_sw/_ide/psinit/ps7_init.tcl
ps7_init
ps7_post_config
targets -set -nocase -filter {name =~ "*A9*#0"}
dow /thayerfs/home/f003j8y/ENGS62/Module3/workspace/module3_sw/Debug/module3_sw.elf
configparams force-mem-access 0
----------------End of Script----------------

15:39:34 INFO  : Context for processor 'ps7_cortexa9_0' is selected.
15:39:34 INFO  : 'con' command is executed.
15:39:34 INFO  : ----------------XSDB Script (After Launch)----------------
targets -set -nocase -filter {name =~ "*A9*#0"}
con
----------------End of Script----------------

15:39:34 INFO  : Launch script is exported to file '/thayerfs/home/f003j8y/ENGS62/Module3/workspace/module3_sw_system/_ide/scripts/debugger_module3_sw-default.tcl'
15:42:40 INFO  : Disconnected from the channel tcfchan#11.
15:44:35 INFO  : Checking for BSP changes to sync application flags for project 'module3_sw'...
15:56:27 INFO  : Logs will be stored at '/thayerfs/home/f003j8y/ENGS62/Module3/workspace/IDE.log'.
15:56:28 INFO  : Launching XSCT server: xsct -n  -interactive /thayerfs/home/f003j8y/ENGS62/Module3/workspace/temp_xsdb_launch_script.tcl
15:56:31 INFO  : Platform repository initialization has completed.
15:56:31 INFO  : Registering command handlers for Vitis TCF services
15:56:34 INFO  : XSCT server has started successfully.
15:56:39 INFO  : plnx-install-location is set to ''
15:56:39 INFO  : Successfully done setting XSCT server connection channel  
15:56:39 INFO  : Successfully done query RDI_DATADIR 
15:56:39 INFO  : Successfully done setting workspace for the tool. 
